[+] Containers:
 |- [+] Container: /Game/ThirdPerson/Maps/ThirdPersonMap
 |   |- [+] ActorDescs:
 |   |   |- Guid:240630B94F87B64CD69E21B85B8437D2 BaseClass:/Game/ThirdPerson/Blueprints/LevelChunks/BP_Balance+SwingArmVertChunk.BP_Balance+SwingArmVertChunk_C NativeClass:/Script/Engine.Actor Name:BP_Balance+SwingArmVertChunk_C_UAID_74563C31BEBF78F701_1801212111 Label:BP_Balance+SwingArmVertChunk SpatiallyLoaded:1 Bounds:IsValid=true, Min=(X=-425.482 Y=2181.990 Z=-118.600), Max=(X=3056.518 Y=5184.490 Z=581.747) RuntimeGrid:None EditorOnly:0 RuntimeOnly:0 HLODRelevant:0
 |   |   |- Guid:258B52824032CB075AA9A4B5043B0CF9 BaseClass:/Game/ThirdPerson/Blueprints/LevelChunks/BP_Balance+Jump+SwingArmVertChunk.BP_Balance+Jump+SwingArmVertChunk_C NativeClass:/Script/Engine.Actor Name:BP_Balance+Jump+SwingArmVertChunk_C_UAID_74563C31BEBF79F701_1767357289 Label:BP_Balance+Jump+SwingArmVertChunk SpatiallyLoaded:1 Bounds:IsValid=true, Min=(X=1199.871 Y=-1059.369 Z=-113.805), Max=(X=4201.871 Y=2322.631 Z=586.543) RuntimeGrid:None EditorOnly:0 RuntimeOnly:0 HLODRelevant:0
 |   |   |- Guid:2FB58999456391D349DC0F86DAC136ED BaseClass: NativeClass:/Script/Engine.SkyLight Name:SkyLight_1 Label:SkyLight SpatiallyLoaded:0 Bounds:IsValid=true, Min=(X=0.000 Y=0.000 Z=690.000), Max=(X=0.000 Y=0.000 Z=690.000) RuntimeGrid:None EditorOnly:0 RuntimeOnly:0 HLODRelevant:0 FolderPath:Lighting FolderGuid:963EC3EB4002CCE9759E2EBA541A873A
 |   |   |- Guid:316CF2A6494ACA4C0E4180A87D36AB8F BaseClass: NativeClass:/Script/Engine.ExponentialHeightFog Name:ExponentialHeightFog_0 Label:ExponentialHeightFog SpatiallyLoaded:0 Bounds:IsValid=true, Min=(X=-5600.000 Y=-50.000 Z=-6850.000), Max=(X=-5600.000 Y=-50.000 Z=-6850.000) RuntimeGrid:None EditorOnly:0 RuntimeOnly:0 HLODRelevant:0 FolderPath:Lighting FolderGuid:963EC3EB4002CCE9759E2EBA541A873A
 |   |   |- Guid:3A00AA1C422CE54C0BDB60BAF471BFBB BaseClass: NativeClass:/Script/Engine.PlayerStart Name:PlayerStart_0 Label:PlayerStart SpatiallyLoaded:0 Bounds:IsValid=true, Min=(X=800.000 Y=1330.000 Z=0.013), Max=(X=880.000 Y=1410.000 Z=184.013) RuntimeGrid:None EditorOnly:0 RuntimeOnly:0 HLODRelevant:0
 |   |   |- Guid:46B5AA1B43698A90E32F0DA850BA1888 BaseClass: NativeClass:/Script/Engine.StaticMeshActor Name:StaticMeshActor_UAID_74563C31BEBF16F701_1079082866 Label:Cube SpatiallyLoaded:1 Bounds:IsValid=true, Min=(X=-290.000 Y=680.000 Z=-110.000), Max=(X=1210.000 Y=2180.000 Z=-10.000) RuntimeGrid:None EditorOnly:0 RuntimeOnly:0 HLODRelevant:1
 |   |   |- Guid:4D3BE93F4146AAAC8BBE79999D96D57F BaseClass: NativeClass:/Script/Engine.VolumetricCloud Name:VolumetricCloud_0 Label:VolumetricCloud SpatiallyLoaded:0 Bounds:IsValid=true, Min=(X=0.000 Y=0.000 Z=820.000), Max=(X=0.000 Y=0.000 Z=820.000) RuntimeGrid:None EditorOnly:0 RuntimeOnly:0 HLODRelevant:0 FolderPath:Lighting FolderGuid:963EC3EB4002CCE9759E2EBA541A873A
 |   |   |- Guid:611C6A2747756CACBFE8D89EFAD7A591 BaseClass:/Game/ThirdPerson/Blueprints/LevelChunks/BP_Jump+SwingArmVertChunk.BP_Jump+SwingArmVertChunk_C NativeClass:/Script/Engine.Actor Name:BP_Jump+SwingArmVertChunk_C_UAID_74563C31BEBF79F701_1201868288 Label:BP_Jump+SwingArmVertChunk SpatiallyLoaded:1 Bounds:IsValid=true, Min=(X=-2042.872 Y=-5296.137 Z=-116.200), Max=(X=1339.128 Y=-2294.137 Z=584.148) RuntimeGrid:None EditorOnly:0 RuntimeOnly:0 HLODRelevant:0
 |   |   |- Guid:6A323B1E4B6235E0C0CB7A81D417DEB2 BaseClass:/Game/ThirdPerson/Blueprints/LevelChunks/BP_JumpChunk.BP_JumpChunk_C NativeClass:/Script/Engine.Actor Name:BP_JumpChunk_C_UAID_74563C31BEBF18F701_1964642222 Label:BP_JumpChunk SpatiallyLoaded:1 Bounds:IsValid=true, Min=(X=-9278.840 Y=547.614 Z=-114.162), Max=(X=-6276.840 Y=3929.614 Z=586.186) RuntimeGrid:None EditorOnly:0 RuntimeOnly:0 HLODRelevant:0
 |   |   |- Guid:6BAF4DDD444C60371492D3919DB42C97 BaseClass: NativeClass:/Script/Engine.WorldDataLayers Name:WorldDataLayers Label:WorldDataLayers SpatiallyLoaded:0 Bounds:IsValid=true, Min=(X=0.000 Y=0.000 Z=0.000), Max=(X=0.000 Y=0.000 Z=0.000) RuntimeGrid:None EditorOnly:0 RuntimeOnly:0 HLODRelevant:0
 |   |   |- Guid:83AA667F40B5FDE322AC93935222EA97 BaseClass:/Game/ThirdPerson/Blueprints/LevelChunks/BP_Balance+JumpChunk.BP_Balance+JumpChunk_C NativeClass:/Script/Engine.Actor Name:BP_Balance+JumpChunk_C_UAID_74563C31BEBF16F701_1953740868 Label:BP_Balance+JumpChunk SpatiallyLoaded:1 Bounds:IsValid=true, Min=(X=-3295.000 Y=548.000 Z=-114.348), Max=(X=-293.000 Y=3930.000 Z=586.000) RuntimeGrid:None EditorOnly:0 RuntimeOnly:0 HLODRelevant:0
 |   |   |- Guid:A2D1BE9844468CF4380A5BAFAC72A024 BaseClass:/Game/ThirdPerson/Blueprints/BP_DeathPlane.BP_DeathPlane_C NativeClass:/Script/Engine.Actor Name:BP_DeathPlane_C_UAID_74563C31BEBF15F701_1807248689 Label:BP_DeathPlane SpatiallyLoaded:1 Bounds:IsValid=true, Min=(X=-19424.000 Y=-5516.000 Z=-832.000), Max=(X=12144.000 Y=9716.000 Z=-768.000) RuntimeGrid:None EditorOnly:0 RuntimeOnly:0 HLODRelevant:0
 |   |   |- Guid:B52CE3D741106D138E70AF88C2C15F22 BaseClass:/Game/ThirdPerson/Blueprints/LevelChunks/BP_BalanceChunk.BP_BalanceChunk_C NativeClass:/Script/Engine.Actor Name:BP_BalanceChunk_C_UAID_74563C31BEBF18F701_1125761221 Label:BP_BalanceChunk SpatiallyLoaded:1 Bounds:IsValid=true, Min=(X=-6284.000 Y=558.000 Z=-354.941), Max=(X=-3281.500 Y=4040.000 Z=582.907) RuntimeGrid:None EditorOnly:0 RuntimeOnly:0 HLODRelevant:0
 |   |   |- Guid:B785ED2844B84CFB91E7F39FE661CD99 BaseClass: NativeClass:/Script/Engine.DirectionalLight Name:DirectionalLight_0 Label:DirectionalLight SpatiallyLoaded:0 Bounds:IsValid=true, Min=(X=-1048576.000 Y=-1048576.000 Z=-1048576.000), Max=(X=1048576.000 Y=1048576.000 Z=1048576.000) RuntimeGrid:None EditorOnly:0 RuntimeOnly:0 HLODRelevant:0 FolderPath:Lighting FolderGuid:963EC3EB4002CCE9759E2EBA541A873A
 |   |   |- Guid:CCFF262C46EEFFDF319E7F9539CE697E BaseClass: NativeClass:/Script/Engine.SkyAtmosphere Name:SkyAtmosphere_0 Label:SkyAtmosphere SpatiallyLoaded:0 Bounds:IsValid=true, Min=(X=0.000 Y=0.000 Z=1020.000), Max=(X=0.000 Y=0.000 Z=1020.000) RuntimeGrid:None EditorOnly:0 RuntimeOnly:0 HLODRelevant:0 FolderPath:Lighting FolderGuid:963EC3EB4002CCE9759E2EBA541A873A
 |   |   |- Guid:E59880A3465942A29E8AB489DD6DD1D7 BaseClass:/Game/ThirdPerson/Blueprints/LevelChunks/BP_SwingArmVertChunk.BP_SwingArmVertChunk_C NativeClass:/Script/Engine.Actor Name:BP_SwingArmVertChunk_C_UAID_74563C31BEBF72F701_1754461055 Label:BP_SwingArmVertChunk SpatiallyLoaded:1 Bounds:IsValid=true, Min=(X=-2039.602 Y=-2311.104 Z=-115.600), Max=(X=1342.398 Y=690.896 Z=584.747) RuntimeGrid:None EditorOnly:0 RuntimeOnly:0 HLODRelevant:0
 |   |   |- Guid:EC4E0C944CE6AC6E784BC6BB2916EA13 BaseClass: NativeClass:/Script/Engine.StaticMeshActor Name:StaticMeshActor_UAID_A4AE111137DC5EFB00_1110535423 Label:SM_SkySphere SpatiallyLoaded:0 Bounds:IsValid=true, Min=(X=-1638400.000 Y=-1638400.000 Z=-1638400.000), Max=(X=1638400.000 Y=1638400.000 Z=1638400.000) RuntimeGrid:None EditorOnly:0 RuntimeOnly:0 HLODRelevant:1 FolderPath:Lighting FolderGuid:963EC3EB4002CCE9759E2EBA541A873A
 |   |   |- Guid:F5E3FEB3450C49844FD93DA8E083C8AD BaseClass: NativeClass:/Script/Engine.PostProcessVolume Name:PostProcessVolume_0 Label:PostProcessVolume SpatiallyLoaded:0 Bounds:IsValid=true, Min=(X=0.000 Y=0.000 Z=400.000), Max=(X=200.000 Y=200.000 Z=600.000) RuntimeGrid:None EditorOnly:0 RuntimeOnly:0 HLODRelevant:0 FolderPath:Lighting FolderGuid:963EC3EB4002CCE9759E2EBA541A873A
 |   |- [+] Clusters:
 |   |   |- [+] [  0]
 |   |   |   |- Guid:6BAF4DDD444C60371492D3919DB42C97 BaseClass: NativeClass:/Script/Engine.WorldDataLayers Name:WorldDataLayers Label:WorldDataLayers SpatiallyLoaded:0 Bounds:IsValid=true, Min=(X=0.000 Y=0.000 Z=0.000), Max=(X=0.000 Y=0.000 Z=0.000) RuntimeGrid:None EditorOnly:0 RuntimeOnly:0 HLODRelevant:0
 |   |   |- [+] [  1]
 |   |   |   |- Guid:F5E3FEB3450C49844FD93DA8E083C8AD BaseClass: NativeClass:/Script/Engine.PostProcessVolume Name:PostProcessVolume_0 Label:PostProcessVolume SpatiallyLoaded:0 Bounds:IsValid=true, Min=(X=0.000 Y=0.000 Z=400.000), Max=(X=200.000 Y=200.000 Z=600.000) RuntimeGrid:None EditorOnly:0 RuntimeOnly:0 HLODRelevant:0 FolderPath:Lighting FolderGuid:963EC3EB4002CCE9759E2EBA541A873A
 |   |   |- [+] [  2]
 |   |   |   |- Guid:B52CE3D741106D138E70AF88C2C15F22 BaseClass:/Game/ThirdPerson/Blueprints/LevelChunks/BP_BalanceChunk.BP_BalanceChunk_C NativeClass:/Script/Engine.Actor Name:BP_BalanceChunk_C_UAID_74563C31BEBF18F701_1125761221 Label:BP_BalanceChunk SpatiallyLoaded:1 Bounds:IsValid=true, Min=(X=-6284.000 Y=558.000 Z=-354.941), Max=(X=-3281.500 Y=4040.000 Z=582.907) RuntimeGrid:None EditorOnly:0 RuntimeOnly:0 HLODRelevant:0
 |   |   |- [+] [  3]
 |   |   |   |- Guid:6A323B1E4B6235E0C0CB7A81D417DEB2 BaseClass:/Game/ThirdPerson/Blueprints/LevelChunks/BP_JumpChunk.BP_JumpChunk_C NativeClass:/Script/Engine.Actor Name:BP_JumpChunk_C_UAID_74563C31BEBF18F701_1964642222 Label:BP_JumpChunk SpatiallyLoaded:1 Bounds:IsValid=true, Min=(X=-9278.840 Y=547.614 Z=-114.162), Max=(X=-6276.840 Y=3929.614 Z=586.186) RuntimeGrid:None EditorOnly:0 RuntimeOnly:0 HLODRelevant:0
 |   |   |- [+] [  4]
 |   |   |   |- Guid:4D3BE93F4146AAAC8BBE79999D96D57F BaseClass: NativeClass:/Script/Engine.VolumetricCloud Name:VolumetricCloud_0 Label:VolumetricCloud SpatiallyLoaded:0 Bounds:IsValid=true, Min=(X=0.000 Y=0.000 Z=820.000), Max=(X=0.000 Y=0.000 Z=820.000) RuntimeGrid:None EditorOnly:0 RuntimeOnly:0 HLODRelevant:0 FolderPath:Lighting FolderGuid:963EC3EB4002CCE9759E2EBA541A873A
 |   |   |- [+] [  5]
 |   |   |   |- Guid:A2D1BE9844468CF4380A5BAFAC72A024 BaseClass:/Game/ThirdPerson/Blueprints/BP_DeathPlane.BP_DeathPlane_C NativeClass:/Script/Engine.Actor Name:BP_DeathPlane_C_UAID_74563C31BEBF15F701_1807248689 Label:BP_DeathPlane SpatiallyLoaded:1 Bounds:IsValid=true, Min=(X=-19424.000 Y=-5516.000 Z=-832.000), Max=(X=12144.000 Y=9716.000 Z=-768.000) RuntimeGrid:None EditorOnly:0 RuntimeOnly:0 HLODRelevant:0
 |   |   |- [+] [  6]
 |   |   |   |- Guid:CCFF262C46EEFFDF319E7F9539CE697E BaseClass: NativeClass:/Script/Engine.SkyAtmosphere Name:SkyAtmosphere_0 Label:SkyAtmosphere SpatiallyLoaded:0 Bounds:IsValid=true, Min=(X=0.000 Y=0.000 Z=1020.000), Max=(X=0.000 Y=0.000 Z=1020.000) RuntimeGrid:None EditorOnly:0 RuntimeOnly:0 HLODRelevant:0 FolderPath:Lighting FolderGuid:963EC3EB4002CCE9759E2EBA541A873A
 |   |   |- [+] [  7]
 |   |   |   |- Guid:EC4E0C944CE6AC6E784BC6BB2916EA13 BaseClass: NativeClass:/Script/Engine.StaticMeshActor Name:StaticMeshActor_UAID_A4AE111137DC5EFB00_1110535423 Label:SM_SkySphere SpatiallyLoaded:0 Bounds:IsValid=true, Min=(X=-1638400.000 Y=-1638400.000 Z=-1638400.000), Max=(X=1638400.000 Y=1638400.000 Z=1638400.000) RuntimeGrid:None EditorOnly:0 RuntimeOnly:0 HLODRelevant:1 FolderPath:Lighting FolderGuid:963EC3EB4002CCE9759E2EBA541A873A
 |   |   |- [+] [  8]
 |   |   |   |- Guid:B785ED2844B84CFB91E7F39FE661CD99 BaseClass: NativeClass:/Script/Engine.DirectionalLight Name:DirectionalLight_0 Label:DirectionalLight SpatiallyLoaded:0 Bounds:IsValid=true, Min=(X=-1048576.000 Y=-1048576.000 Z=-1048576.000), Max=(X=1048576.000 Y=1048576.000 Z=1048576.000) RuntimeGrid:None EditorOnly:0 RuntimeOnly:0 HLODRelevant:0 FolderPath:Lighting FolderGuid:963EC3EB4002CCE9759E2EBA541A873A
 |   |   |- [+] [  9]
 |   |   |   |- Guid:316CF2A6494ACA4C0E4180A87D36AB8F BaseClass: NativeClass:/Script/Engine.ExponentialHeightFog Name:ExponentialHeightFog_0 Label:ExponentialHeightFog SpatiallyLoaded:0 Bounds:IsValid=true, Min=(X=-5600.000 Y=-50.000 Z=-6850.000), Max=(X=-5600.000 Y=-50.000 Z=-6850.000) RuntimeGrid:None EditorOnly:0 RuntimeOnly:0 HLODRelevant:0 FolderPath:Lighting FolderGuid:963EC3EB4002CCE9759E2EBA541A873A
 |   |   |- [+] [ 10]
 |   |   |   |- Guid:2FB58999456391D349DC0F86DAC136ED BaseClass: NativeClass:/Script/Engine.SkyLight Name:SkyLight_1 Label:SkyLight SpatiallyLoaded:0 Bounds:IsValid=true, Min=(X=0.000 Y=0.000 Z=690.000), Max=(X=0.000 Y=0.000 Z=690.000) RuntimeGrid:None EditorOnly:0 RuntimeOnly:0 HLODRelevant:0 FolderPath:Lighting FolderGuid:963EC3EB4002CCE9759E2EBA541A873A
 |   |   |- [+] [ 11]
 |   |   |   |- Guid:46B5AA1B43698A90E32F0DA850BA1888 BaseClass: NativeClass:/Script/Engine.StaticMeshActor Name:StaticMeshActor_UAID_74563C31BEBF16F701_1079082866 Label:Cube SpatiallyLoaded:1 Bounds:IsValid=true, Min=(X=-290.000 Y=680.000 Z=-110.000), Max=(X=1210.000 Y=2180.000 Z=-10.000) RuntimeGrid:None EditorOnly:0 RuntimeOnly:0 HLODRelevant:1
 |   |   |- [+] [ 12]
 |   |   |   |- Guid:E59880A3465942A29E8AB489DD6DD1D7 BaseClass:/Game/ThirdPerson/Blueprints/LevelChunks/BP_SwingArmVertChunk.BP_SwingArmVertChunk_C NativeClass:/Script/Engine.Actor Name:BP_SwingArmVertChunk_C_UAID_74563C31BEBF72F701_1754461055 Label:BP_SwingArmVertChunk SpatiallyLoaded:1 Bounds:IsValid=true, Min=(X=-2039.602 Y=-2311.104 Z=-115.600), Max=(X=1342.398 Y=690.896 Z=584.747) RuntimeGrid:None EditorOnly:0 RuntimeOnly:0 HLODRelevant:0
 |   |   |- [+] [ 13]
 |   |   |   |- Guid:3A00AA1C422CE54C0BDB60BAF471BFBB BaseClass: NativeClass:/Script/Engine.PlayerStart Name:PlayerStart_0 Label:PlayerStart SpatiallyLoaded:0 Bounds:IsValid=true, Min=(X=800.000 Y=1330.000 Z=0.013), Max=(X=880.000 Y=1410.000 Z=184.013) RuntimeGrid:None EditorOnly:0 RuntimeOnly:0 HLODRelevant:0
 |   |   |- [+] [ 14]
 |   |   |   |- Guid:83AA667F40B5FDE322AC93935222EA97 BaseClass:/Game/ThirdPerson/Blueprints/LevelChunks/BP_Balance+JumpChunk.BP_Balance+JumpChunk_C NativeClass:/Script/Engine.Actor Name:BP_Balance+JumpChunk_C_UAID_74563C31BEBF16F701_1953740868 Label:BP_Balance+JumpChunk SpatiallyLoaded:1 Bounds:IsValid=true, Min=(X=-3295.000 Y=548.000 Z=-114.348), Max=(X=-293.000 Y=3930.000 Z=586.000) RuntimeGrid:None EditorOnly:0 RuntimeOnly:0 HLODRelevant:0
 |   |   |- [+] [ 15]
 |   |   |   |- Guid:240630B94F87B64CD69E21B85B8437D2 BaseClass:/Game/ThirdPerson/Blueprints/LevelChunks/BP_Balance+SwingArmVertChunk.BP_Balance+SwingArmVertChunk_C NativeClass:/Script/Engine.Actor Name:BP_Balance+SwingArmVertChunk_C_UAID_74563C31BEBF78F701_1801212111 Label:BP_Balance+SwingArmVertChunk SpatiallyLoaded:1 Bounds:IsValid=true, Min=(X=-425.482 Y=2181.990 Z=-118.600), Max=(X=3056.518 Y=5184.490 Z=581.747) RuntimeGrid:None EditorOnly:0 RuntimeOnly:0 HLODRelevant:0
 |   |   |- [+] [ 16]
 |   |   |   |- Guid:611C6A2747756CACBFE8D89EFAD7A591 BaseClass:/Game/ThirdPerson/Blueprints/LevelChunks/BP_Jump+SwingArmVertChunk.BP_Jump+SwingArmVertChunk_C NativeClass:/Script/Engine.Actor Name:BP_Jump+SwingArmVertChunk_C_UAID_74563C31BEBF79F701_1201868288 Label:BP_Jump+SwingArmVertChunk SpatiallyLoaded:1 Bounds:IsValid=true, Min=(X=-2042.872 Y=-5296.137 Z=-116.200), Max=(X=1339.128 Y=-2294.137 Z=584.148) RuntimeGrid:None EditorOnly:0 RuntimeOnly:0 HLODRelevant:0
 |   |   |- [+] [ 17]
 |   |   |   |- Guid:258B52824032CB075AA9A4B5043B0CF9 BaseClass:/Game/ThirdPerson/Blueprints/LevelChunks/BP_Balance+Jump+SwingArmVertChunk.BP_Balance+Jump+SwingArmVertChunk_C NativeClass:/Script/Engine.Actor Name:BP_Balance+Jump+SwingArmVertChunk_C_UAID_74563C31BEBF79F701_1767357289 Label:BP_Balance+Jump+SwingArmVertChunk SpatiallyLoaded:1 Bounds:IsValid=true, Min=(X=1199.871 Y=-1059.369 Z=-113.805), Max=(X=4201.871 Y=2322.631 Z=586.543) RuntimeGrid:None EditorOnly:0 RuntimeOnly:0 HLODRelevant:0
 |- ContainerInstances:
 |- [+] MainContainer:
 |   |-        ID: 0x0000000000000000
 |   |-    Bounds: IsValid=false, Min=(X=0.000 Y=0.000 Z=0.000), Max=(X=0.000 Y=0.000 Z=0.000)
 |   |- Transform: 0.000000,0.000000,0.000000|0.000000,0.000000,-0.000000|1.000000,1.000000,1.000000
 |   |- Container: /Game/ThirdPerson/Maps/ThirdPersonMap
----------------------------------------------------------------------------------------------------------------
ThirdPersonMap - Persistent Level
----------------------------------------------------------------------------------------------------------------
Always loaded Actor Count: 28 

----------------------------------------------------------------------------------------------------------------
ThirdPersonMap - Runtime Spatial Hash - Streaming Grid - MainGrid
----------------------------------------------------------------------------------------------------------------
            Origin: X=0.000 Y=0.000 Z=0.000
         Cell Size: 12800
      World Bounds: IsValid=false, Min=(X=0.000 Y=0.000 Z=0.000), Max=(X=0.000 Y=0.000 Z=0.000)
     Loading Range: 25600.00
Block Slow Loading: No
 ClientOnlyVisible: No

[+] Grid Levels: 1
 |- Level  0: Cell Count    0 | Cell Size   12800 | Actor Count    0 (0.0%)

[+] Content of Grid Level 0

