[+] Containers:
 |- [+] Container: /Game/ThirdPerson/Maps/ThirdPersonMap
 |   |- [+] ActorDescs:
 |   |   |- Guid:2AA9FA314AE44B4503F631BDC1FFBC6A BaseClass:/Game/ThirdPerson/Blueprints/LevelChunks/BP_BalanceChunk.BP_BalanceChunk_C NativeClass:/Script/Engine.Actor Name:BP_BalanceChunk_C_UAID_74563C31BEBF83FA01_1636187223 Label:BP_BalanceChunk SpatiallyLoaded:1 Bounds:IsValid=true, Min=(X=-40595.541 Y=56616.390 Z=22778.247), Max=(X=-38851.541 Y=59616.390 Z=23716.095) RuntimeGrid:None EditorOnly:0 RuntimeOnly:0 HLODRelevant:0
 |   |   |- Guid:2C4EAD8E4BDD99205CC022BC7B0D091B BaseClass:/Game/ThirdPerson/Blueprints/BP_LevelEnd.BP_LevelEnd_C NativeClass:/Script/Engine.Actor Name:BP_LevelEnd_C_UAID_74563C31BEBF01FD01_1752324503 Label:BP_LevelEnd SpatiallyLoaded:1 Bounds:IsValid=true, Min=(X=-16221.141 Y=-9871.632 Z=-173.624), Max=(X=-14721.141 Y=-8371.632 Z=477.895) RuntimeGrid:None EditorOnly:0 RuntimeOnly:0 HLODRelevant:0
 |   |   |- Guid:2FB58999456391D349DC0F86DAC136ED BaseClass: NativeClass:/Script/Engine.SkyLight Name:SkyLight_1 Label:SkyLight SpatiallyLoaded:0 Bounds:IsValid=true, Min=(X=0.000 Y=0.000 Z=690.000), Max=(X=0.000 Y=0.000 Z=690.000) RuntimeGrid:None EditorOnly:0 RuntimeOnly:0 HLODRelevant:0 FolderPath:Lighting FolderGuid:963EC3EB4002CCE9759E2EBA541A873A
 |   |   |- Guid:31221CD24CA0635B2783F295D9B7A420 BaseClass:/Game/ThirdPerson/Blueprints/LevelChunks/BP_SwingArmVertChunk.BP_SwingArmVertChunk_C NativeClass:/Script/Engine.Actor Name:BP_SwingArmVertChunk_C_UAID_74563C31BEBF83FA01_1653660229 Label:BP_SwingArmVertChunk SpatiallyLoaded:1 Bounds:IsValid=true, Min=(X=-72414.380 Y=67455.336 Z=31144.289), Max=(X=-70670.380 Y=70447.336 Z=31840.289) RuntimeGrid:None EditorOnly:0 RuntimeOnly:0 HLODRelevant:0
 |   |   |- Guid:316CF2A6494ACA4C0E4180A87D36AB8F BaseClass: NativeClass:/Script/Engine.ExponentialHeightFog Name:ExponentialHeightFog_0 Label:ExponentialHeightFog SpatiallyLoaded:0 Bounds:IsValid=true, Min=(X=-5600.000 Y=-50.000 Z=-6850.000), Max=(X=-5600.000 Y=-50.000 Z=-6850.000) RuntimeGrid:None EditorOnly:0 RuntimeOnly:0 HLODRelevant:0 FolderPath:Lighting FolderGuid:963EC3EB4002CCE9759E2EBA541A873A
 |   |   |- Guid:3A00AA1C422CE54C0BDB60BAF471BFBB BaseClass: NativeClass:/Script/Engine.PlayerStart Name:PlayerStart_0 Label:PlayerStart SpatiallyLoaded:0 Bounds:IsValid=true, Min=(X=-15436.592 Y=1075.825 Z=0.013), Max=(X=-15356.592 Y=1155.825 Z=184.013) RuntimeGrid:None EditorOnly:0 RuntimeOnly:0 HLODRelevant:0
 |   |   |- Guid:3A28514449106A8A6375AA9C6F87CCB0 BaseClass:/Game/ThirdPerson/Blueprints/LevelChunks/BP_JumpChunk.BP_JumpChunk_C NativeClass:/Script/Engine.Actor Name:BP_JumpChunk_C_UAID_74563C31BEBF83FA01_1647754227 Label:BP_JumpChunk SpatiallyLoaded:1 Bounds:IsValid=true, Min=(X=-64727.404 Y=63373.389 Z=27630.604), Max=(X=-62983.404 Y=66365.389 Z=28326.604) RuntimeGrid:None EditorOnly:0 RuntimeOnly:0 HLODRelevant:0
 |   |   |- Guid:4860849E42787E6EB40A479FFC209A90 BaseClass:/Game/ThirdPerson/Blueprints/LevelChunks/BP_Balance+SwingArmVertChunk.BP_Balance+SwingArmVertChunk_C NativeClass:/Script/Engine.Actor Name:BP_Balance+SwingArmVertChunk_C_UAID_74563C31BEBF83FA01_1632849222 Label:BP_Balance+SwingArmVertChunk SpatiallyLoaded:1 Bounds:IsValid=true, Min=(X=-33107.916 Y=52170.335 Z=22453.087), Max=(X=-31363.916 Y=55170.335 Z=23153.435) RuntimeGrid:None EditorOnly:0 RuntimeOnly:0 HLODRelevant:0
 |   |   |- Guid:4D3BE93F4146AAAC8BBE79999D96D57F BaseClass: NativeClass:/Script/Engine.VolumetricCloud Name:VolumetricCloud_0 Label:VolumetricCloud SpatiallyLoaded:0 Bounds:IsValid=true, Min=(X=0.000 Y=0.000 Z=820.000), Max=(X=0.000 Y=0.000 Z=820.000) RuntimeGrid:None EditorOnly:0 RuntimeOnly:0 HLODRelevant:0 FolderPath:Lighting FolderGuid:963EC3EB4002CCE9759E2EBA541A873A
 |   |   |- Guid:5D01F0114C2370D547C6A0890CC16762 BaseClass:/Game/ThirdPerson/Blueprints/LevelChunks/BP_Balance+Jump+BounceChunk.BP_Balance+Jump+BounceChunk_C NativeClass:/Script/Engine.Actor Name:BP_Balance+Jump+BounceChunk_C_UAID_74563C31BEBF83FA01_1589300217 Label:BP_Balance+Jump+BounceChunk SpatiallyLoaded:1 Bounds:IsValid=true, Min=(X=-44511.366 Y=41130.185 Z=13697.767), Max=(X=-42767.366 Y=44122.185 Z=14393.767) RuntimeGrid:None EditorOnly:0 RuntimeOnly:0 HLODRelevant:0
 |   |   |- Guid:639A680940029DE942CAD790D0BB6EB7 BaseClass:/Game/ThirdPerson/Blueprints/LevelChunks/BP_Bounce2Chunk.BP_Bounce2Chunk_C NativeClass:/Script/Engine.Actor Name:BP_Bounce2Chunk_C_UAID_74563C31BEBF83FA01_1639369224 Label:BP_Bounce2Chunk SpatiallyLoaded:1 Bounds:IsValid=true, Min=(X=-47050.745 Y=61316.342 Z=24715.534), Max=(X=-45306.745 Y=64308.342 Z=25411.534) RuntimeGrid:None EditorOnly:0 RuntimeOnly:0 HLODRelevant:0
 |   |   |- Guid:6BAF4DDD444C60371492D3919DB42C97 BaseClass: NativeClass:/Script/Engine.WorldDataLayers Name:WorldDataLayers Label:WorldDataLayers SpatiallyLoaded:0 Bounds:IsValid=true, Min=(X=0.000 Y=0.000 Z=0.000), Max=(X=0.000 Y=0.000 Z=0.000) RuntimeGrid:None EditorOnly:0 RuntimeOnly:0 HLODRelevant:0
 |   |   |- Guid:7736BD7547E32A0EACE4B4AFF83EF12C BaseClass:/Game/ThirdPerson/Blueprints/LevelChunks/BP_Balance+Jump+SwingArmVertChunk.BP_Balance+Jump+SwingArmVertChunk_C NativeClass:/Script/Engine.Actor Name:BP_Balance+Jump+SwingArmVertChunk_C_UAID_74563C31BEBF83FA01_1610847219 Label:BP_Balance+Jump+SwingArmVertChunk SpatiallyLoaded:1 Bounds:IsValid=true, Min=(X=-43655.330 Y=46355.185 Z=17308.092), Max=(X=-41911.330 Y=49347.185 Z=18004.092) RuntimeGrid:None EditorOnly:0 RuntimeOnly:0 HLODRelevant:0
 |   |   |- Guid:7CFA88DA450FA667A12D91B3A7441F1F BaseClass:/Game/ThirdPerson/Blueprints/LevelChunks/BP_Jump+SwingArmVertChunk.BP_Jump+SwingArmVertChunk_C NativeClass:/Script/Engine.Actor Name:BP_Jump+SwingArmVertChunk_C_UAID_74563C31BEBF83FA01_1644966226 Label:BP_Jump+SwingArmVertChunk SpatiallyLoaded:1 Bounds:IsValid=true, Min=(X=-58935.260 Y=61709.946 Z=26186.263), Max=(X=-57191.260 Y=64701.946 Z=26882.263) RuntimeGrid:None EditorOnly:0 RuntimeOnly:0 HLODRelevant:0
 |   |   |- Guid:8C9E045C4A94D2DAF2DB879CF8F7A073 BaseClass:/Game/ThirdPerson/Blueprints/LevelChunks/BP_Balance+SwingArmVert2Chunk.BP_Balance+SwingArmVert2Chunk_C NativeClass:/Script/Engine.Actor Name:BP_Balance+SwingArmVert2Chunk_C_UAID_74563C31BEBF83FA01_1623844221 Label:BP_Balance+SwingArmVert2Chunk SpatiallyLoaded:1 Bounds:IsValid=true, Min=(X=-35617.336 Y=46942.257 Z=19288.684), Max=(X=-33873.336 Y=49934.257 Z=19984.684) RuntimeGrid:None EditorOnly:0 RuntimeOnly:0 HLODRelevant:0
 |   |   |- Guid:8EF0275849E234FFB323229200CF2994 BaseClass:/Game/ThirdPerson/Blueprints/LevelChunks/BP_Balance+JumpChunk.BP_Balance+JumpChunk_C NativeClass:/Script/Engine.Actor Name:BP_Balance+JumpChunk_C_UAID_74563C31BEBF83FA01_1620696220 Label:BP_Balance+JumpChunk SpatiallyLoaded:1 Bounds:IsValid=true, Min=(X=-38224.520 Y=47669.757 Z=19305.832), Max=(X=-36480.520 Y=50661.757 Z=20001.832) RuntimeGrid:None EditorOnly:0 RuntimeOnly:0 HLODRelevant:0
 |   |   |- Guid:A2D1BE9844468CF4380A5BAFAC72A024 BaseClass:/Game/ThirdPerson/Blueprints/BP_DeathPlane.BP_DeathPlane_C NativeClass:/Script/Engine.Actor Name:BP_DeathPlane_C_UAID_74563C31BEBF15F701_1807248689 Label:BP_DeathPlane SpatiallyLoaded:1 Bounds:IsValid=true, Min=(X=-23328.765 Y=-24661.424 Z=-832.000), Max=(X=-8096.765 Y=6906.576 Z=-768.000) RuntimeGrid:None EditorOnly:0 RuntimeOnly:0 HLODRelevant:0
 |   |   |- Guid:A676CE554D382C9F2B1DE096820E1A27 BaseClass:/Game/ThirdPerson/Blueprints/LevelChunks/BP_BounceChunk.BP_BounceChunk_C NativeClass:/Script/Engine.Actor Name:BP_BounceChunk_C_UAID_74563C31BEBF83FA01_1642272225 Label:BP_BounceChunk SpatiallyLoaded:1 Bounds:IsValid=true, Min=(X=-52911.579 Y=61995.624 Z=25487.809), Max=(X=-51167.579 Y=64987.624 Z=26183.809) RuntimeGrid:None EditorOnly:0 RuntimeOnly:0 HLODRelevant:0
 |   |   |- Guid:B5FC04D44CA509CC5BFB9DAD228A2B3D BaseClass:/Game/ThirdPerson/Blueprints/LevelChunks/BP_Balance+Jump+SwingArmVert+BounceChunk.BP_Balance+Jump+SwingArmVert+BounceChunk_C NativeClass:/Script/Engine.Actor Name:BP_Balance+Jump+SwingArmVert+BounceChunk_C_UAID_74563C31BEBF83FA01_1595004218 Label:BP_Balance+Jump+SwingArmVert+BounceChunk SpatiallyLoaded:1 Bounds:IsValid=true, Min=(X=-51114.398 Y=39326.130 Z=11075.678), Max=(X=-49370.398 Y=42318.130 Z=11771.678) RuntimeGrid:None EditorOnly:0 RuntimeOnly:0 HLODRelevant:0
 |   |   |- Guid:B785ED2844B84CFB91E7F39FE661CD99 BaseClass: NativeClass:/Script/Engine.DirectionalLight Name:DirectionalLight_0 Label:DirectionalLight SpatiallyLoaded:0 Bounds:IsValid=true, Min=(X=-1048576.000 Y=-1048576.000 Z=-1048576.000), Max=(X=1048576.000 Y=1048576.000 Z=1048576.000) RuntimeGrid:None EditorOnly:0 RuntimeOnly:0 HLODRelevant:0 FolderPath:Lighting FolderGuid:963EC3EB4002CCE9759E2EBA541A873A
 |   |   |- Guid:C10596604083B1472AD5D2AED3100952 BaseClass:/Game/ThirdPerson/Blueprints/LevelChunks/BP_Balance+BounceChunk.BP_Balance+BounceChunk_C NativeClass:/Script/Engine.Actor Name:BP_Balance+BounceChunk_C_UAID_74563C31BEBF83FA01_1582714216 Label:BP_Balance+BounceChunk SpatiallyLoaded:1 Bounds:IsValid=true, Min=(X=-45892.339 Y=41286.554 Z=12125.826), Max=(X=-44148.339 Y=44286.554 Z=13016.815) RuntimeGrid:None EditorOnly:0 RuntimeOnly:0 HLODRelevant:0
 |   |   |- Guid:CCFF262C46EEFFDF319E7F9539CE697E BaseClass: NativeClass:/Script/Engine.SkyAtmosphere Name:SkyAtmosphere_0 Label:SkyAtmosphere SpatiallyLoaded:0 Bounds:IsValid=true, Min=(X=0.000 Y=0.000 Z=1020.000), Max=(X=0.000 Y=0.000 Z=1020.000) RuntimeGrid:None EditorOnly:0 RuntimeOnly:0 HLODRelevant:0 FolderPath:Lighting FolderGuid:963EC3EB4002CCE9759E2EBA541A873A
 |   |   |- Guid:D1A3702147068DD826477CA3E463ADA0 BaseClass:/Game/ThirdPerson/Blueprints/BP_Level.BP_Level_C NativeClass:/Script/Engine.Actor Name:BP_Level_C_UAID_74563C31BEBF83FA01_1525908215 Label:BP_Level SpatiallyLoaded:1 Bounds:IsValid=true, Min=(X=-16221.141 Y=-6882.633 Z=-173.624), Max=(X=-14721.141 Y=2090.666 Z=-73.624) RuntimeGrid:None EditorOnly:0 RuntimeOnly:0 HLODRelevant:0
 |   |   |- Guid:EC4E0C944CE6AC6E784BC6BB2916EA13 BaseClass: NativeClass:/Script/Engine.StaticMeshActor Name:StaticMeshActor_UAID_A4AE111137DC5EFB00_1110535423 Label:SM_SkySphere SpatiallyLoaded:0 Bounds:IsValid=true, Min=(X=-1638400.000 Y=-1638400.000 Z=-1638400.000), Max=(X=1638400.000 Y=1638400.000 Z=1638400.000) RuntimeGrid:None EditorOnly:0 RuntimeOnly:0 HLODRelevant:1 FolderPath:Lighting FolderGuid:963EC3EB4002CCE9759E2EBA541A873A
 |   |   |- Guid:F5E3FEB3450C49844FD93DA8E083C8AD BaseClass: NativeClass:/Script/Engine.PostProcessVolume Name:PostProcessVolume_0 Label:PostProcessVolume SpatiallyLoaded:0 Bounds:IsValid=true, Min=(X=0.000 Y=0.000 Z=400.000), Max=(X=200.000 Y=200.000 Z=600.000) RuntimeGrid:None EditorOnly:0 RuntimeOnly:0 HLODRelevant:0 FolderPath:Lighting FolderGuid:963EC3EB4002CCE9759E2EBA541A873A
 |   |   |- Guid:FD3DBB524DD3952C7322EA84807BF48E BaseClass:/Game/ThirdPerson/Blueprints/LevelChunks/BP_SwingArmVert+BounceChunk.BP_SwingArmVert+BounceChunk_C NativeClass:/Script/Engine.Actor Name:BP_SwingArmVert+BounceChunk_C_UAID_74563C31BEBF83FA01_1650913228 Label:BP_SwingArmVert+BounceChunk SpatiallyLoaded:1 Bounds:IsValid=true, Min=(X=-69184.791 Y=65490.825 Z=29428.216), Max=(X=-67440.791 Y=68482.825 Z=30124.216) RuntimeGrid:None EditorOnly:0 RuntimeOnly:0 HLODRelevant:0
 |   |- [+] Clusters:
 |   |   |- [+] [  0]
 |   |   |   |- Guid:6BAF4DDD444C60371492D3919DB42C97 BaseClass: NativeClass:/Script/Engine.WorldDataLayers Name:WorldDataLayers Label:WorldDataLayers SpatiallyLoaded:0 Bounds:IsValid=true, Min=(X=0.000 Y=0.000 Z=0.000), Max=(X=0.000 Y=0.000 Z=0.000) RuntimeGrid:None EditorOnly:0 RuntimeOnly:0 HLODRelevant:0
 |   |   |- [+] [  1]
 |   |   |   |- Guid:F5E3FEB3450C49844FD93DA8E083C8AD BaseClass: NativeClass:/Script/Engine.PostProcessVolume Name:PostProcessVolume_0 Label:PostProcessVolume SpatiallyLoaded:0 Bounds:IsValid=true, Min=(X=0.000 Y=0.000 Z=400.000), Max=(X=200.000 Y=200.000 Z=600.000) RuntimeGrid:None EditorOnly:0 RuntimeOnly:0 HLODRelevant:0 FolderPath:Lighting FolderGuid:963EC3EB4002CCE9759E2EBA541A873A
 |   |   |- [+] [  2]
 |   |   |   |- Guid:4D3BE93F4146AAAC8BBE79999D96D57F BaseClass: NativeClass:/Script/Engine.VolumetricCloud Name:VolumetricCloud_0 Label:VolumetricCloud SpatiallyLoaded:0 Bounds:IsValid=true, Min=(X=0.000 Y=0.000 Z=820.000), Max=(X=0.000 Y=0.000 Z=820.000) RuntimeGrid:None EditorOnly:0 RuntimeOnly:0 HLODRelevant:0 FolderPath:Lighting FolderGuid:963EC3EB4002CCE9759E2EBA541A873A
 |   |   |- [+] [  3]
 |   |   |   |- Guid:2C4EAD8E4BDD99205CC022BC7B0D091B BaseClass:/Game/ThirdPerson/Blueprints/BP_LevelEnd.BP_LevelEnd_C NativeClass:/Script/Engine.Actor Name:BP_LevelEnd_C_UAID_74563C31BEBF01FD01_1752324503 Label:BP_LevelEnd SpatiallyLoaded:1 Bounds:IsValid=true, Min=(X=-16221.141 Y=-9871.632 Z=-173.624), Max=(X=-14721.141 Y=-8371.632 Z=477.895) RuntimeGrid:None EditorOnly:0 RuntimeOnly:0 HLODRelevant:0
 |   |   |   |- Guid:D1A3702147068DD826477CA3E463ADA0 BaseClass:/Game/ThirdPerson/Blueprints/BP_Level.BP_Level_C NativeClass:/Script/Engine.Actor Name:BP_Level_C_UAID_74563C31BEBF83FA01_1525908215 Label:BP_Level SpatiallyLoaded:1 Bounds:IsValid=true, Min=(X=-16221.141 Y=-6882.633 Z=-173.624), Max=(X=-14721.141 Y=2090.666 Z=-73.624) RuntimeGrid:None EditorOnly:0 RuntimeOnly:0 HLODRelevant:0
 |   |   |   |- Guid:C10596604083B1472AD5D2AED3100952 BaseClass:/Game/ThirdPerson/Blueprints/LevelChunks/BP_Balance+BounceChunk.BP_Balance+BounceChunk_C NativeClass:/Script/Engine.Actor Name:BP_Balance+BounceChunk_C_UAID_74563C31BEBF83FA01_1582714216 Label:BP_Balance+BounceChunk SpatiallyLoaded:1 Bounds:IsValid=true, Min=(X=-45892.339 Y=41286.554 Z=12125.826), Max=(X=-44148.339 Y=44286.554 Z=13016.815) RuntimeGrid:None EditorOnly:0 RuntimeOnly:0 HLODRelevant:0
 |   |   |   |- Guid:5D01F0114C2370D547C6A0890CC16762 BaseClass:/Game/ThirdPerson/Blueprints/LevelChunks/BP_Balance+Jump+BounceChunk.BP_Balance+Jump+BounceChunk_C NativeClass:/Script/Engine.Actor Name:BP_Balance+Jump+BounceChunk_C_UAID_74563C31BEBF83FA01_1589300217 Label:BP_Balance+Jump+BounceChunk SpatiallyLoaded:1 Bounds:IsValid=true, Min=(X=-44511.366 Y=41130.185 Z=13697.767), Max=(X=-42767.366 Y=44122.185 Z=14393.767) RuntimeGrid:None EditorOnly:0 RuntimeOnly:0 HLODRelevant:0
 |   |   |   |- Guid:B5FC04D44CA509CC5BFB9DAD228A2B3D BaseClass:/Game/ThirdPerson/Blueprints/LevelChunks/BP_Balance+Jump+SwingArmVert+BounceChunk.BP_Balance+Jump+SwingArmVert+BounceChunk_C NativeClass:/Script/Engine.Actor Name:BP_Balance+Jump+SwingArmVert+BounceChunk_C_UAID_74563C31BEBF83FA01_1595004218 Label:BP_Balance+Jump+SwingArmVert+BounceChunk SpatiallyLoaded:1 Bounds:IsValid=true, Min=(X=-51114.398 Y=39326.130 Z=11075.678), Max=(X=-49370.398 Y=42318.130 Z=11771.678) RuntimeGrid:None EditorOnly:0 RuntimeOnly:0 HLODRelevant:0
 |   |   |   |- Guid:7736BD7547E32A0EACE4B4AFF83EF12C BaseClass:/Game/ThirdPerson/Blueprints/LevelChunks/BP_Balance+Jump+SwingArmVertChunk.BP_Balance+Jump+SwingArmVertChunk_C NativeClass:/Script/Engine.Actor Name:BP_Balance+Jump+SwingArmVertChunk_C_UAID_74563C31BEBF83FA01_1610847219 Label:BP_Balance+Jump+SwingArmVertChunk SpatiallyLoaded:1 Bounds:IsValid=true, Min=(X=-43655.330 Y=46355.185 Z=17308.092), Max=(X=-41911.330 Y=49347.185 Z=18004.092) RuntimeGrid:None EditorOnly:0 RuntimeOnly:0 HLODRelevant:0
 |   |   |   |- Guid:8EF0275849E234FFB323229200CF2994 BaseClass:/Game/ThirdPerson/Blueprints/LevelChunks/BP_Balance+JumpChunk.BP_Balance+JumpChunk_C NativeClass:/Script/Engine.Actor Name:BP_Balance+JumpChunk_C_UAID_74563C31BEBF83FA01_1620696220 Label:BP_Balance+JumpChunk SpatiallyLoaded:1 Bounds:IsValid=true, Min=(X=-38224.520 Y=47669.757 Z=19305.832), Max=(X=-36480.520 Y=50661.757 Z=20001.832) RuntimeGrid:None EditorOnly:0 RuntimeOnly:0 HLODRelevant:0
 |   |   |   |- Guid:8C9E045C4A94D2DAF2DB879CF8F7A073 BaseClass:/Game/ThirdPerson/Blueprints/LevelChunks/BP_Balance+SwingArmVert2Chunk.BP_Balance+SwingArmVert2Chunk_C NativeClass:/Script/Engine.Actor Name:BP_Balance+SwingArmVert2Chunk_C_UAID_74563C31BEBF83FA01_1623844221 Label:BP_Balance+SwingArmVert2Chunk SpatiallyLoaded:1 Bounds:IsValid=true, Min=(X=-35617.336 Y=46942.257 Z=19288.684), Max=(X=-33873.336 Y=49934.257 Z=19984.684) RuntimeGrid:None EditorOnly:0 RuntimeOnly:0 HLODRelevant:0
 |   |   |   |- Guid:4860849E42787E6EB40A479FFC209A90 BaseClass:/Game/ThirdPerson/Blueprints/LevelChunks/BP_Balance+SwingArmVertChunk.BP_Balance+SwingArmVertChunk_C NativeClass:/Script/Engine.Actor Name:BP_Balance+SwingArmVertChunk_C_UAID_74563C31BEBF83FA01_1632849222 Label:BP_Balance+SwingArmVertChunk SpatiallyLoaded:1 Bounds:IsValid=true, Min=(X=-33107.916 Y=52170.335 Z=22453.087), Max=(X=-31363.916 Y=55170.335 Z=23153.435) RuntimeGrid:None EditorOnly:0 RuntimeOnly:0 HLODRelevant:0
 |   |   |   |- Guid:2AA9FA314AE44B4503F631BDC1FFBC6A BaseClass:/Game/ThirdPerson/Blueprints/LevelChunks/BP_BalanceChunk.BP_BalanceChunk_C NativeClass:/Script/Engine.Actor Name:BP_BalanceChunk_C_UAID_74563C31BEBF83FA01_1636187223 Label:BP_BalanceChunk SpatiallyLoaded:1 Bounds:IsValid=true, Min=(X=-40595.541 Y=56616.390 Z=22778.247), Max=(X=-38851.541 Y=59616.390 Z=23716.095) RuntimeGrid:None EditorOnly:0 RuntimeOnly:0 HLODRelevant:0
 |   |   |   |- Guid:639A680940029DE942CAD790D0BB6EB7 BaseClass:/Game/ThirdPerson/Blueprints/LevelChunks/BP_Bounce2Chunk.BP_Bounce2Chunk_C NativeClass:/Script/Engine.Actor Name:BP_Bounce2Chunk_C_UAID_74563C31BEBF83FA01_1639369224 Label:BP_Bounce2Chunk SpatiallyLoaded:1 Bounds:IsValid=true, Min=(X=-47050.745 Y=61316.342 Z=24715.534), Max=(X=-45306.745 Y=64308.342 Z=25411.534) RuntimeGrid:None EditorOnly:0 RuntimeOnly:0 HLODRelevant:0
 |   |   |   |- Guid:A676CE554D382C9F2B1DE096820E1A27 BaseClass:/Game/ThirdPerson/Blueprints/LevelChunks/BP_BounceChunk.BP_BounceChunk_C NativeClass:/Script/Engine.Actor Name:BP_BounceChunk_C_UAID_74563C31BEBF83FA01_1642272225 Label:BP_BounceChunk SpatiallyLoaded:1 Bounds:IsValid=true, Min=(X=-52911.579 Y=61995.624 Z=25487.809), Max=(X=-51167.579 Y=64987.624 Z=26183.809) RuntimeGrid:None EditorOnly:0 RuntimeOnly:0 HLODRelevant:0
 |   |   |   |- Guid:7CFA88DA450FA667A12D91B3A7441F1F BaseClass:/Game/ThirdPerson/Blueprints/LevelChunks/BP_Jump+SwingArmVertChunk.BP_Jump+SwingArmVertChunk_C NativeClass:/Script/Engine.Actor Name:BP_Jump+SwingArmVertChunk_C_UAID_74563C31BEBF83FA01_1644966226 Label:BP_Jump+SwingArmVertChunk SpatiallyLoaded:1 Bounds:IsValid=true, Min=(X=-58935.260 Y=61709.946 Z=26186.263), Max=(X=-57191.260 Y=64701.946 Z=26882.263) RuntimeGrid:None EditorOnly:0 RuntimeOnly:0 HLODRelevant:0
 |   |   |   |- Guid:3A28514449106A8A6375AA9C6F87CCB0 BaseClass:/Game/ThirdPerson/Blueprints/LevelChunks/BP_JumpChunk.BP_JumpChunk_C NativeClass:/Script/Engine.Actor Name:BP_JumpChunk_C_UAID_74563C31BEBF83FA01_1647754227 Label:BP_JumpChunk SpatiallyLoaded:1 Bounds:IsValid=true, Min=(X=-64727.404 Y=63373.389 Z=27630.604), Max=(X=-62983.404 Y=66365.389 Z=28326.604) RuntimeGrid:None EditorOnly:0 RuntimeOnly:0 HLODRelevant:0
 |   |   |   |- Guid:FD3DBB524DD3952C7322EA84807BF48E BaseClass:/Game/ThirdPerson/Blueprints/LevelChunks/BP_SwingArmVert+BounceChunk.BP_SwingArmVert+BounceChunk_C NativeClass:/Script/Engine.Actor Name:BP_SwingArmVert+BounceChunk_C_UAID_74563C31BEBF83FA01_1650913228 Label:BP_SwingArmVert+BounceChunk SpatiallyLoaded:1 Bounds:IsValid=true, Min=(X=-69184.791 Y=65490.825 Z=29428.216), Max=(X=-67440.791 Y=68482.825 Z=30124.216) RuntimeGrid:None EditorOnly:0 RuntimeOnly:0 HLODRelevant:0
 |   |   |   |- Guid:31221CD24CA0635B2783F295D9B7A420 BaseClass:/Game/ThirdPerson/Blueprints/LevelChunks/BP_SwingArmVertChunk.BP_SwingArmVertChunk_C NativeClass:/Script/Engine.Actor Name:BP_SwingArmVertChunk_C_UAID_74563C31BEBF83FA01_1653660229 Label:BP_SwingArmVertChunk SpatiallyLoaded:1 Bounds:IsValid=true, Min=(X=-72414.380 Y=67455.336 Z=31144.289), Max=(X=-70670.380 Y=70447.336 Z=31840.289) RuntimeGrid:None EditorOnly:0 RuntimeOnly:0 HLODRelevant:0
 |   |   |- [+] [  4]
 |   |   |   |- Guid:A2D1BE9844468CF4380A5BAFAC72A024 BaseClass:/Game/ThirdPerson/Blueprints/BP_DeathPlane.BP_DeathPlane_C NativeClass:/Script/Engine.Actor Name:BP_DeathPlane_C_UAID_74563C31BEBF15F701_1807248689 Label:BP_DeathPlane SpatiallyLoaded:1 Bounds:IsValid=true, Min=(X=-23328.765 Y=-24661.424 Z=-832.000), Max=(X=-8096.765 Y=6906.576 Z=-768.000) RuntimeGrid:None EditorOnly:0 RuntimeOnly:0 HLODRelevant:0
 |   |   |- [+] [  5]
 |   |   |   |- Guid:CCFF262C46EEFFDF319E7F9539CE697E BaseClass: NativeClass:/Script/Engine.SkyAtmosphere Name:SkyAtmosphere_0 Label:SkyAtmosphere SpatiallyLoaded:0 Bounds:IsValid=true, Min=(X=0.000 Y=0.000 Z=1020.000), Max=(X=0.000 Y=0.000 Z=1020.000) RuntimeGrid:None EditorOnly:0 RuntimeOnly:0 HLODRelevant:0 FolderPath:Lighting FolderGuid:963EC3EB4002CCE9759E2EBA541A873A
 |   |   |- [+] [  6]
 |   |   |   |- Guid:EC4E0C944CE6AC6E784BC6BB2916EA13 BaseClass: NativeClass:/Script/Engine.StaticMeshActor Name:StaticMeshActor_UAID_A4AE111137DC5EFB00_1110535423 Label:SM_SkySphere SpatiallyLoaded:0 Bounds:IsValid=true, Min=(X=-1638400.000 Y=-1638400.000 Z=-1638400.000), Max=(X=1638400.000 Y=1638400.000 Z=1638400.000) RuntimeGrid:None EditorOnly:0 RuntimeOnly:0 HLODRelevant:1 FolderPath:Lighting FolderGuid:963EC3EB4002CCE9759E2EBA541A873A
 |   |   |- [+] [  7]
 |   |   |   |- Guid:B785ED2844B84CFB91E7F39FE661CD99 BaseClass: NativeClass:/Script/Engine.DirectionalLight Name:DirectionalLight_0 Label:DirectionalLight SpatiallyLoaded:0 Bounds:IsValid=true, Min=(X=-1048576.000 Y=-1048576.000 Z=-1048576.000), Max=(X=1048576.000 Y=1048576.000 Z=1048576.000) RuntimeGrid:None EditorOnly:0 RuntimeOnly:0 HLODRelevant:0 FolderPath:Lighting FolderGuid:963EC3EB4002CCE9759E2EBA541A873A
 |   |   |- [+] [  8]
 |   |   |   |- Guid:316CF2A6494ACA4C0E4180A87D36AB8F BaseClass: NativeClass:/Script/Engine.ExponentialHeightFog Name:ExponentialHeightFog_0 Label:ExponentialHeightFog SpatiallyLoaded:0 Bounds:IsValid=true, Min=(X=-5600.000 Y=-50.000 Z=-6850.000), Max=(X=-5600.000 Y=-50.000 Z=-6850.000) RuntimeGrid:None EditorOnly:0 RuntimeOnly:0 HLODRelevant:0 FolderPath:Lighting FolderGuid:963EC3EB4002CCE9759E2EBA541A873A
 |   |   |- [+] [  9]
 |   |   |   |- Guid:2FB58999456391D349DC0F86DAC136ED BaseClass: NativeClass:/Script/Engine.SkyLight Name:SkyLight_1 Label:SkyLight SpatiallyLoaded:0 Bounds:IsValid=true, Min=(X=0.000 Y=0.000 Z=690.000), Max=(X=0.000 Y=0.000 Z=690.000) RuntimeGrid:None EditorOnly:0 RuntimeOnly:0 HLODRelevant:0 FolderPath:Lighting FolderGuid:963EC3EB4002CCE9759E2EBA541A873A
 |   |   |- [+] [ 10]
 |   |   |   |- Guid:3A00AA1C422CE54C0BDB60BAF471BFBB BaseClass: NativeClass:/Script/Engine.PlayerStart Name:PlayerStart_0 Label:PlayerStart SpatiallyLoaded:0 Bounds:IsValid=true, Min=(X=-15436.592 Y=1075.825 Z=0.013), Max=(X=-15356.592 Y=1155.825 Z=184.013) RuntimeGrid:None EditorOnly:0 RuntimeOnly:0 HLODRelevant:0
 |- ContainerInstances:
 |- [+] MainContainer:
 |   |-        ID: 0x0000000000000000
 |   |-    Bounds: IsValid=false, Min=(X=0.000 Y=0.000 Z=0.000), Max=(X=0.000 Y=0.000 Z=0.000)
 |   |- Transform: 0.000000,0.000000,0.000000|0.000000,0.000000,-0.000000|1.000000,1.000000,1.000000
 |   |- Container: /Game/ThirdPerson/Maps/ThirdPersonMap
----------------------------------------------------------------------------------------------------------------
ThirdPersonMap - Persistent Level
----------------------------------------------------------------------------------------------------------------
Always loaded Actor Count: 34 

----------------------------------------------------------------------------------------------------------------
ThirdPersonMap - Runtime Spatial Hash - Streaming Grid - MainGrid
----------------------------------------------------------------------------------------------------------------
            Origin: X=0.000 Y=0.000 Z=0.000
         Cell Size: 12800
      World Bounds: IsValid=false, Min=(X=0.000 Y=0.000 Z=0.000), Max=(X=0.000 Y=0.000 Z=0.000)
     Loading Range: 25600.00
Block Slow Loading: No
 ClientOnlyVisible: No

[+] Grid Levels: 1
 |- Level  0: Cell Count    0 | Cell Size   12800 | Actor Count    0 (0.0%)

[+] Content of Grid Level 0

